mode: set
github.com/yookibooki/p/db.go:20.58,22.2 1 1
github.com/yookibooki/p/db.go:24.72,27.16 3 1
github.com/yookibooki/p/db.go:27.16,29.3 1 1
github.com/yookibooki/p/db.go:30.2,30.12 1 1
github.com/yookibooki/p/db.go:33.75,38.69 4 0
github.com/yookibooki/p/db.go:38.69,39.27 1 0
github.com/yookibooki/p/db.go:39.27,41.4 1 0
github.com/yookibooki/p/db.go:42.3,42.59 1 0
github.com/yookibooki/p/db.go:44.2,44.16 1 0
github.com/yookibooki/p/db.go:47.81,50.16 3 0
github.com/yookibooki/p/db.go:50.16,52.3 1 0
github.com/yookibooki/p/db.go:54.2,55.16 2 0
github.com/yookibooki/p/db.go:55.16,58.3 1 0
github.com/yookibooki/p/db.go:59.2,59.23 1 0
github.com/yookibooki/p/db.go:59.23,61.3 1 0
github.com/yookibooki/p/db.go:62.2,62.12 1 0
github.com/yookibooki/p/db.go:65.61,68.16 3 0
github.com/yookibooki/p/db.go:68.16,70.3 1 0
github.com/yookibooki/p/db.go:71.2,72.16 2 0
github.com/yookibooki/p/db.go:72.16,74.3 1 0
github.com/yookibooki/p/db.go:75.2,75.23 1 0
github.com/yookibooki/p/db.go:75.23,77.3 1 0
github.com/yookibooki/p/db.go:78.2,78.12 1 0
github.com/yookibooki/p/db.go:81.61,84.16 3 1
github.com/yookibooki/p/db.go:84.16,86.3 1 0
github.com/yookibooki/p/db.go:87.2,90.18 3 1
github.com/yookibooki/p/db.go:90.18,92.71 2 0
github.com/yookibooki/p/db.go:92.71,94.4 1 0
github.com/yookibooki/p/db.go:95.3,95.31 1 0
github.com/yookibooki/p/db.go:97.2,97.21 1 1
github.com/yookibooki/p/init.go:17.32,19.16 2 0
github.com/yookibooki/p/init.go:19.16,21.3 1 0
github.com/yookibooki/p/init.go:23.2,24.56 2 0
github.com/yookibooki/p/init.go:24.56,26.3 1 0
github.com/yookibooki/p/init.go:28.2,31.16 3 0
github.com/yookibooki/p/init.go:31.16,33.3 1 0
github.com/yookibooki/p/init.go:35.2,45.16 3 0
github.com/yookibooki/p/init.go:45.16,48.3 2 0
github.com/yookibooki/p/init.go:50.2,50.16 1 0
github.com/yookibooki/p/p.go:16.40,17.16 1 1
github.com/yookibooki/p/p.go:17.16,19.3 1 1
github.com/yookibooki/p/p.go:21.2,22.47 2 1
github.com/yookibooki/p/p.go:22.47,23.55 1 1
github.com/yookibooki/p/p.go:23.55,25.4 1 1
github.com/yookibooki/p/p.go:28.2,29.26 2 1
github.com/yookibooki/p/p.go:29.26,31.3 1 1
github.com/yookibooki/p/p.go:32.2,33.34 2 1
github.com/yookibooki/p/p.go:37.48,39.2 1 0
github.com/yookibooki/p/p.go:42.44,43.16 1 1
github.com/yookibooki/p/p.go:43.16,45.3 1 1
github.com/yookibooki/p/p.go:46.2,46.21 1 1
github.com/yookibooki/p/p.go:46.21,48.3 1 1
github.com/yookibooki/p/p.go:49.2,49.12 1 1
github.com/yookibooki/p/p.go:53.50,55.23 2 1
github.com/yookibooki/p/p.go:55.23,57.3 1 1
github.com/yookibooki/p/p.go:58.2,58.26 1 1
github.com/yookibooki/p/p.go:58.26,60.3 1 1
github.com/yookibooki/p/p.go:61.2,61.12 1 1
github.com/yookibooki/p/p.go:70.44,72.2 1 1
github.com/yookibooki/p/p.go:75.74,76.49 1 0
github.com/yookibooki/p/p.go:76.49,78.3 1 0
github.com/yookibooki/p/p.go:80.2,83.23 3 0
github.com/yookibooki/p/p.go:83.23,86.3 2 0
github.com/yookibooki/p/p.go:86.8,88.3 1 0
github.com/yookibooki/p/p.go:90.2,90.16 1 0
github.com/yookibooki/p/p.go:90.16,92.3 1 0
github.com/yookibooki/p/p.go:94.2,94.25 1 0
github.com/yookibooki/p/p.go:94.25,97.3 2 0
github.com/yookibooki/p/p.go:99.2,99.61 1 0
github.com/yookibooki/p/p.go:99.61,101.3 1 0
github.com/yookibooki/p/p.go:103.2,105.16 3 0
github.com/yookibooki/p/p.go:105.16,107.3 1 0
github.com/yookibooki/p/p.go:108.2,108.12 1 0
github.com/yookibooki/p/p.go:112.47,114.16 2 0
github.com/yookibooki/p/p.go:114.16,116.3 1 0
github.com/yookibooki/p/p.go:117.2,117.12 1 0
github.com/yookibooki/p/p.go:121.65,122.49 1 0
github.com/yookibooki/p/p.go:122.49,124.3 1 0
github.com/yookibooki/p/p.go:126.2,127.16 2 0
github.com/yookibooki/p/p.go:127.16,129.3 1 0
github.com/yookibooki/p/p.go:131.2,133.81 2 0
github.com/yookibooki/p/p.go:133.81,136.3 2 0
github.com/yookibooki/p/p.go:138.2,138.57 1 0
github.com/yookibooki/p/p.go:138.57,140.3 1 0
github.com/yookibooki/p/p.go:142.2,143.16 2 0
github.com/yookibooki/p/p.go:143.16,145.3 1 0
github.com/yookibooki/p/p.go:146.2,146.12 1 0
github.com/yookibooki/p/p.go:150.64,152.16 2 1
github.com/yookibooki/p/p.go:152.16,154.3 1 0
github.com/yookibooki/p/p.go:156.2,156.22 1 1
github.com/yookibooki/p/p.go:156.22,158.3 1 1
github.com/yookibooki/p/p.go:160.2,162.57 3 0
github.com/yookibooki/p/p.go:162.57,164.3 1 0
github.com/yookibooki/p/p.go:166.2,167.28 2 0
github.com/yookibooki/p/p.go:167.28,169.33 2 0
github.com/yookibooki/p/p.go:169.33,170.35 1 0
github.com/yookibooki/p/p.go:170.35,172.10 2 0
github.com/yookibooki/p/p.go:177.2,177.29 1 0
github.com/yookibooki/p/p.go:181.28,186.2 4 0
github.com/yookibooki/p/p.go:188.13,190.16 2 0
github.com/yookibooki/p/p.go:190.16,193.3 2 0
github.com/yookibooki/p/p.go:194.2,212.42 5 0
github.com/yookibooki/p/p.go:212.42,215.3 2 0
github.com/yookibooki/p/p.go:218.41,223.55 1 0
github.com/yookibooki/p/p.go:223.55,226.18 3 0
github.com/yookibooki/p/p.go:226.18,228.5 1 0
github.com/yookibooki/p/p.go:229.4,230.18 2 0
github.com/yookibooki/p/p.go:230.18,232.5 1 0
github.com/yookibooki/p/p.go:234.4,234.71 1 0
github.com/yookibooki/p/p.go:234.71,236.5 1 0
github.com/yookibooki/p/p.go:237.4,238.14 2 0
github.com/yookibooki/p/p.go:241.2,243.12 3 0
github.com/yookibooki/p/p.go:246.44,250.55 1 0
github.com/yookibooki/p/p.go:250.55,252.18 2 0
github.com/yookibooki/p/p.go:252.18,254.5 1 0
github.com/yookibooki/p/p.go:256.4,258.24 1 0
github.com/yookibooki/p/p.go:258.24,260.6 1 0
github.com/yookibooki/p/p.go:261.60,262.17 1 0
github.com/yookibooki/p/p.go:262.17,264.7 1 0
github.com/yookibooki/p/p.go:265.6,265.111 1 0
github.com/yookibooki/p/p.go:268.4,268.18 1 0
github.com/yookibooki/p/p.go:268.18,270.5 1 0
github.com/yookibooki/p/p.go:271.4,272.14 2 0
github.com/yookibooki/p/p.go:277.44,282.55 1 0
github.com/yookibooki/p/p.go:282.55,284.49 2 0
github.com/yookibooki/p/p.go:284.49,286.5 1 0
github.com/yookibooki/p/p.go:287.4,288.14 2 0
github.com/yookibooki/p/p.go:293.42,298.55 1 0
github.com/yookibooki/p/p.go:298.55,301.18 3 0
github.com/yookibooki/p/p.go:301.18,303.5 1 0
github.com/yookibooki/p/p.go:305.4,306.18 2 0
github.com/yookibooki/p/p.go:306.18,308.5 1 0
github.com/yookibooki/p/p.go:310.4,311.35 2 0
github.com/yookibooki/p/p.go:311.35,313.19 2 0
github.com/yookibooki/p/p.go:313.19,315.6 1 0
github.com/yookibooki/p/p.go:318.4,319.25 2 0
github.com/yookibooki/p/p.go:319.25,322.5 2 0
github.com/yookibooki/p/p.go:322.10,324.5 1 0
github.com/yookibooki/p/p.go:325.4,325.18 1 0
github.com/yookibooki/p/p.go:325.18,327.5 1 0
github.com/yookibooki/p/p.go:329.4,329.79 1 0
github.com/yookibooki/p/p.go:329.79,331.5 1 0
github.com/yookibooki/p/p.go:332.4,333.14 2 0
github.com/yookibooki/p/p.go:336.2,338.12 3 0
github.com/yookibooki/p/p.go:341.42,345.55 1 0
github.com/yookibooki/p/p.go:345.55,347.18 2 0
github.com/yookibooki/p/p.go:347.18,349.5 1 0
github.com/yookibooki/p/p.go:350.4,351.18 2 0
github.com/yookibooki/p/p.go:351.18,353.5 1 0
github.com/yookibooki/p/p.go:355.4,355.39 1 0
github.com/yookibooki/p/p.go:355.39,358.5 2 0
github.com/yookibooki/p/p.go:360.4,360.30 1 0
github.com/yookibooki/p/p.go:360.30,362.5 1 0
github.com/yookibooki/p/p.go:363.4,363.14 1 0
github.com/yookibooki/p/p.go:366.2,367.12 2 0
github.com/yookibooki/p/p.go:370.37,374.48 1 0
github.com/yookibooki/p/p.go:374.48,376.4 1 0
github.com/yookibooki/p/tui_editor.go:16.66,18.18 2 0
github.com/yookibooki/p/tui_editor.go:18.18,20.36 2 0
github.com/yookibooki/p/tui_editor.go:20.36,21.49 1 0
github.com/yookibooki/p/tui_editor.go:21.49,23.10 2 0
github.com/yookibooki/p/tui_editor.go:27.2,27.18 1 0
github.com/yookibooki/p/tui_editor.go:27.18,29.3 1 0
github.com/yookibooki/p/tui_editor.go:31.2,32.16 2 0
github.com/yookibooki/p/tui_editor.go:32.16,34.3 1 0
github.com/yookibooki/p/tui_editor.go:35.2,37.63 2 0
github.com/yookibooki/p/tui_editor.go:37.63,39.3 1 0
github.com/yookibooki/p/tui_editor.go:40.2,40.40 1 0
github.com/yookibooki/p/tui_editor.go:40.40,42.3 1 0
github.com/yookibooki/p/tui_editor.go:44.2,49.34 5 0
github.com/yookibooki/p/tui_editor.go:49.34,51.3 1 0
github.com/yookibooki/p/tui_editor.go:53.2,54.16 2 0
github.com/yookibooki/p/tui_editor.go:54.16,56.3 1 0
github.com/yookibooki/p/tui_editor.go:58.2,58.59 1 0
github.com/yookibooki/p/tui_editor.go:68.60,80.2 8 0
github.com/yookibooki/p/tui_editor.go:83.37,85.2 1 0
github.com/yookibooki/p/tui_editor.go:88.63,89.27 1 0
github.com/yookibooki/p/tui_editor.go:90.18,94.42 2 0
github.com/yookibooki/p/tui_editor.go:94.42,97.4 2 0
github.com/yookibooki/p/tui_editor.go:100.2,102.15 3 0
github.com/yookibooki/p/tui_editor.go:106.36,113.2 1 0
github.com/yookibooki/p/tui_editor.go:116.58,120.16 3 0
github.com/yookibooki/p/tui_editor.go:120.16,122.3 1 0
github.com/yookibooki/p/tui_editor.go:124.2,124.34 1 0
github.com/yookibooki/p/tui_editor.go:124.34,126.3 1 0
github.com/yookibooki/p/tui_editor.go:128.2,128.28 1 0
